<?xml version="1.0" encoding="UTF-8"?>
<!-- Generated by org.testng.reporters.JUnitReportReporter -->
<testsuite skipped="0" hostname="Anuvetri" name="com.ebanking.master.Emp" tests="3" failures="0" timestamp="16 Apr 2020 05:57:17 GMT" time="24.607" errors="0">
  <testcase name="emp" time="8.007" classname="com.ebanking.master.Emp"/>
  <testcase name="emp" time="8.088" classname="com.ebanking.master.Emp"/>
  <testcase name="emp" time="8.512" classname="com.ebanking.master.Emp"/>
</testsuite> <!-- com.ebanking.master.Emp -->
