<?xml version="1.0" encoding="UTF-8"?>
<!-- Generated by org.testng.reporters.JUnitReportReporter -->
<testsuite skipped="0" hostname="Anuvetri" name="com.ebanking.master.Grid" tests="2" failures="0" timestamp="28 Apr 2020 06:23:27 GMT" time="28.550" errors="0">
  <testcase name="gd" time="13.073" classname="com.ebanking.master.Grid"/>
  <testcase name="gd" time="15.477" classname="com.ebanking.master.Grid"/>
</testsuite> <!-- com.ebanking.master.Grid -->
