<?xml version="1.0" encoding="UTF-8"?>
<!-- Generated by org.testng.reporters.JUnitReportReporter -->
<testsuite skipped="0" hostname="Anuvetri" name="com.ebanking.master.BranchNG" tests="3" failures="0" timestamp="16 Apr 2020 05:57:17 GMT" time="20.353" errors="0">
  <testcase name="Br" time="6.644" classname="com.ebanking.master.BranchNG"/>
  <testcase name="Br" time="7.181" classname="com.ebanking.master.BranchNG"/>
  <testcase name="Br" time="6.528" classname="com.ebanking.master.BranchNG"/>
</testsuite> <!-- com.ebanking.master.BranchNG -->
