<?xml version="1.0" encoding="UTF-8"?>
<!-- Generated by org.testng.reporters.JUnitReportReporter -->
<testsuite skipped="0" hostname="Anuvetri" name="com.ebanking.master.Librarytestng" tests="7" failures="0" timestamp="13 Apr 2020 06:07:22 GMT" time="36.349" errors="0">
  <testcase name="OpenApp" time="8.504" classname="com.ebanking.master.Librarytestng"/>
  <testcase name="AdminLogin" time="1.260" classname="com.ebanking.master.Librarytestng"/>
  <testcase name="Branchcreation" time="6.960" classname="com.ebanking.master.Librarytestng"/>
  <testcase name="Rolecreation" time="5.815" classname="com.ebanking.master.Librarytestng"/>
  <testcase name="Employeecreation" time="7.986" classname="com.ebanking.master.Librarytestng"/>
  <testcase name="Logout" time="4.303" classname="com.ebanking.master.Librarytestng"/>
  <testcase name="Close" time="1.521" classname="com.ebanking.master.Librarytestng"/>
</testsuite> <!-- com.ebanking.master.Librarytestng -->
