<?xml version="1.0" encoding="UTF-8"?>
<!-- Generated by org.testng.reporters.JUnitReportReporter -->
<testsuite skipped="0" hostname="Anuvetri" name="com.ebanking.master.Exepom" tests="9" failures="0" timestamp="21 Apr 2020 06:12:28 GMT" time="81.828" errors="0">
  <testcase name="Bcreation" time="10.601" classname="com.ebanking.master.Exepom"/>
  <testcase name="Ecreation" time="12.070" classname="com.ebanking.master.Exepom"/>
  <testcase name="Rcreation" time="5.569" classname="com.ebanking.master.Exepom"/>
  <testcase name="Ecreation" time="8.591" classname="com.ebanking.master.Exepom"/>
  <testcase name="Rcreation" time="5.787" classname="com.ebanking.master.Exepom"/>
  <testcase name="Ecreation" time="11.050" classname="com.ebanking.master.Exepom"/>
  <testcase name="Rcreation" time="6.057" classname="com.ebanking.master.Exepom"/>
  <testcase name="Bcreation" time="9.983" classname="com.ebanking.master.Exepom"/>
  <testcase name="Bcreation" time="12.120" classname="com.ebanking.master.Exepom"/>
</testsuite> <!-- com.ebanking.master.Exepom -->
