<?xml version="1.0" encoding="UTF-8"?>
<!-- Generated by org.testng.reporters.JUnitReportReporter -->
<testsuite skipped="0" hostname="Anuvetri" name="com.ebanking.master.RoleNG" tests="3" failures="0" timestamp="21 Apr 2020 05:03:46 GMT" time="18.050" errors="0">
  <testcase name="Role" time="6.088" classname="com.ebanking.master.RoleNG"/>
  <testcase name="Role" time="6.310" classname="com.ebanking.master.RoleNG"/>
  <testcase name="Role" time="5.652" classname="com.ebanking.master.RoleNG"/>
</testsuite> <!-- com.ebanking.master.RoleNG -->
